<?xml version="1.0" encoding="UTF-8"?>
<testng-results skipped="0" failed="0" ignored="0" total="1" passed="1">
  <reporter-output>
  </reporter-output>
  <suite name="Suite" duration-ms="25584" started-at="2019-05-22T04:44:12Z" finished-at="2019-05-22T04:44:38Z">
    <groups>
    </groups>
    <test name="Test" duration-ms="25584" started-at="2019-05-22T04:44:12Z" finished-at="2019-05-22T04:44:38Z">
      <class name="TestCases.mainPageLunching">
        <test-method status="PASS" signature="setUp()[pri:0, instance:TestCases.mainPageLunching@741f8dbe]" name="setUp" is-config="true" duration-ms="15553" started-at="2019-05-22T04:44:12Z" finished-at="2019-05-22T04:44:28Z">
          <reporter-output>
          </reporter-output>
        </test-method> <!-- setUp -->
        <test-method status="PASS" signature="signin()[pri:0, instance:TestCases.mainPageLunching@741f8dbe]" name="signin" duration-ms="2456" started-at="2019-05-22T04:44:28Z" finished-at="2019-05-22T04:44:30Z">
          <reporter-output>
          </reporter-output>
        </test-method> <!-- signin -->
        <test-method status="PASS" signature="closeUp()[pri:0, instance:TestCases.mainPageLunching@741f8dbe]" name="closeUp" is-config="true" duration-ms="7515" started-at="2019-05-22T04:44:30Z" finished-at="2019-05-22T04:44:38Z">
          <reporter-output>
          </reporter-output>
        </test-method> <!-- closeUp -->
      </class> <!-- TestCases.mainPageLunching -->
    </test> <!-- Test -->
  </suite> <!-- Suite -->
</testng-results>
